2026-02-22T12:43:46: 用户不存在: wronguser
2026-02-22T12:44:05: 用户不存在: admin
2026-02-22T12:44:14: 用户不存在: admin
2026-02-22T12:44:21: 用户不存在: admin
2026-02-22T12:44:48: 用户不存在: admin
2026-02-22T12:44:49: 用户不存在: admin
2026-02-22T12:44:50: 用户不存在: admin
2026-02-22T12:45:58: 用户不存在: admin
2026-02-22T12:45:59: 用户不存在: admin
2026-02-22T12:46:03: 用户不存在: admin
2026-02-22T12:46:55: 用户不存在: admin
2026-02-22T12:46:57: 用户不存在: admin
2026-02-22T12:46:59: 用户不存在: admin
2026-02-22T12:47:01: 用户不存在: admin
2026-02-22T12:50:29: 用户不存在: testuser
2026-02-22T12:50:31: 用户不存在: testuser
2026-02-22T12:50:32: 用户不存在: testuser
2026-02-22T12:50:34: 用户不存在: testuser
2026-02-22T12:50:36: 用户不存在: testuser
2026-02-22T12:50:45: 用户不存在: testuser
2026-02-22T12:50:47: 用户不存在: testuser
2026-02-22T12:50:49: 用户不存在: testuser
2026-02-22T12:50:50: 用户不存在: testuser
2026-02-22T12:50:52: 用户不存在: testuser
2026-02-22T12:51:01: 用户不存在: testuser
2026-02-22T12:51:02: 用户不存在: testuser
2026-02-22T12:51:04: 用户不存在: testuser
2026-02-22T12:51:12: 用户不存在: testuser
2026-02-22T12:51:14: 用户不存在: testuser
2026-02-22T12:51:15: 用户不存在: testuser
2026-02-22T12:51:35: 用户不存在: admin
2026-02-22T12:51:37: 用户不存在: admin
2026-02-22T12:51:39: 用户不存在: admin
2026-02-22T12:51:48: 用户不存在: admin
2026-02-22T12:52:40: 用户不存在: wronguser
2026-02-22T12:52:42: 用户不存在: wronguser
2026-02-22T12:52:44: 用户不存在: wronguser
2026-02-22T12:52:45: 用户不存在: admin
2026-02-22T12:52:47: 用户不存在: admin
2026-02-22T12:52:49: 用户不存在: admin
2026-02-22T12:52:52: 用户不存在: testuser
2026-02-22T12:52:54: 用户不存在: testuser
2026-02-22T12:52:55: 用户不存在: testuser
2026-02-22T12:52:57: 用户不存在: testuser
2026-02-22T12:52:59: 用户不存在: testuser
2026-02-22T12:53:01: 用户不存在: testuser
2026-02-22T12:53:08: 用户不存在: testuser
2026-02-22T12:53:10: 用户不存在: testuser
2026-02-22T12:53:12: 用户不存在: testuser
2026-02-22T12:53:27: 用户不存在: admin
2026-02-22T12:55:51: 用户不存在: liuguozhi
2026-02-22T12:55:54: 用户不存在: liuguozhi
2026-02-22T13:00:52: 数据库同步失败: Error
2026-02-22T13:00:52:     at Database.<anonymous> (/root/fuxin/node_modules/sequelize/lib/dialects/sqlite/query.js:185:27)
2026-02-22T13:00:52:     at /root/fuxin/node_modules/sequelize/lib/dialects/sqlite/query.js:183:50
2026-02-22T13:00:52:     at new Promise (<anonymous>)
2026-02-22T13:00:52:     at Query.run (/root/fuxin/node_modules/sequelize/lib/dialects/sqlite/query.js:183:12)
2026-02-22T13:00:52:     at /root/fuxin/node_modules/sequelize/lib/sequelize.js:315:28
2026-02-22T13:00:52:     at async SQLiteQueryInterface.changeColumn (/root/fuxin/node_modules/sequelize/lib/dialects/sqlite/query-interface.js:43:7)
2026-02-22T13:00:52:     at async Brand.sync (/root/fuxin/node_modules/sequelize/lib/model.js:984:11)
2026-02-22T13:00:52:     at async Sequelize.sync (/root/fuxin/node_modules/sequelize/lib/sequelize.js:377:9) {
2026-02-22T13:00:52:   name: 'SequelizeUniqueConstraintError',
2026-02-22T13:00:52:   errors: [
2026-02-22T13:00:52:     ValidationErrorItem {
2026-02-22T13:00:52:       message: 'name must be unique',
2026-02-22T13:00:52:       type: 'unique violation',
2026-02-22T13:00:52:       path: 'name',
2026-02-22T13:00:52:       value: null,
2026-02-22T13:00:52:       origin: 'DB',
2026-02-22T13:00:52:       instance: null,
2026-02-22T13:00:52:       validatorKey: 'not_unique',
2026-02-22T13:00:52:       validatorName: null,
2026-02-22T13:00:52:       validatorArgs: []
2026-02-22T13:00:52:     }
2026-02-22T13:00:52:   ],
2026-02-22T13:00:52:   parent: [Error: SQLITE_CONSTRAINT: UNIQUE constraint failed: Brands_backup.name] {
2026-02-22T13:00:52:     errno: 19,
2026-02-22T13:00:52:     code: 'SQLITE_CONSTRAINT',
2026-02-22T13:00:52:     sql: 'INSERT INTO `Brands_backup` SELECT `id`, `name`, `createdAt`, `updatedAt` FROM `Brands`;'
2026-02-22T13:00:52:   },
2026-02-22T13:00:52:   original: [Error: SQLITE_CONSTRAINT: UNIQUE constraint failed: Brands_backup.name] {
2026-02-22T13:00:52:     errno: 19,
2026-02-22T13:00:52:     code: 'SQLITE_CONSTRAINT',
2026-02-22T13:00:52:     sql: 'INSERT INTO `Brands_backup` SELECT `id`, `name`, `createdAt`, `updatedAt` FROM `Brands`;'
2026-02-22T13:00:52:   },
2026-02-22T13:00:52:   fields: [ 'name' ],
2026-02-22T13:00:52:   sql: 'INSERT INTO `Brands_backup` SELECT `id`, `name`, `createdAt`, `updatedAt` FROM `Brands`;'
2026-02-22T13:00:52: }
2026-02-22T13:03:52: 密码错误: liuguozhi
2026-02-22T13:29:52: 数据库同步失败: Error
2026-02-22T13:29:52:     at Database.<anonymous> (/root/fuxin/node_modules/sequelize/lib/dialects/sqlite/query.js:185:27)
2026-02-22T13:29:52:     at /root/fuxin/node_modules/sequelize/lib/dialects/sqlite/query.js:183:50
2026-02-22T13:29:52:     at new Promise (<anonymous>)
2026-02-22T13:29:52:     at Query.run (/root/fuxin/node_modules/sequelize/lib/dialects/sqlite/query.js:183:12)
2026-02-22T13:29:52:     at /root/fuxin/node_modules/sequelize/lib/sequelize.js:315:28
2026-02-22T13:29:52:     at async SQLiteQueryInterface.changeColumn (/root/fuxin/node_modules/sequelize/lib/dialects/sqlite/query-interface.js:43:7)
2026-02-22T13:29:52:     at async Brand.sync (/root/fuxin/node_modules/sequelize/lib/model.js:984:11)
2026-02-22T13:29:52:     at async Sequelize.sync (/root/fuxin/node_modules/sequelize/lib/sequelize.js:377:9) {
2026-02-22T13:29:52:   name: 'SequelizeForeignKeyConstraintError',
2026-02-22T13:29:52:   parent: [Error: SQLITE_CONSTRAINT: FOREIGN KEY constraint failed] {
2026-02-22T13:29:52:     errno: 19,
2026-02-22T13:29:52:     code: 'SQLITE_CONSTRAINT',
2026-02-22T13:29:52:     sql: 'DROP TABLE `Brands`;'
2026-02-22T13:29:52:   },
2026-02-22T13:29:52:   original: [Error: SQLITE_CONSTRAINT: FOREIGN KEY constraint failed] {
2026-02-22T13:29:52:     errno: 19,
2026-02-22T13:29:52:     code: 'SQLITE_CONSTRAINT',
2026-02-22T13:29:52:     sql: 'DROP TABLE `Brands`;'
2026-02-22T13:29:52:   },
2026-02-22T13:29:52:   sql: 'DROP TABLE `Brands`;',
2026-02-22T13:29:52:   parameters: {},
2026-02-22T13:29:52:   table: undefined,
2026-02-22T13:29:52:   fields: undefined,
2026-02-22T13:29:52:   value: undefined,
2026-02-22T13:29:52:   index: undefined,
2026-02-22T13:29:52:   reltype: undefined
2026-02-22T13:29:52: }
2026-02-22T13:34:03: 用户不存在: liuguozhi
2026-02-22T13:34:20: 用户不存在: admin
2026-02-22T13:34:24: 用户不存在: admin
2026-02-22T15:33:20: Warning: connect.session() MemoryStore is not
2026-02-22T15:33:20: designed for a production environment, as it will leak
2026-02-22T15:33:20: memory, and will not scale past a single process.
2026-02-23T02:10:57: Warning: connect.session() MemoryStore is not
2026-02-23T02:10:57: designed for a production environment, as it will leak
2026-02-23T02:10:57: memory, and will not scale past a single process.
2026-02-23T02:12:49: 密码错误: admin
2026-02-23T02:24:43: Warning: connect.session() MemoryStore is not
2026-02-23T02:24:43: designed for a production environment, as it will leak
2026-02-23T02:24:43: memory, and will not scale past a single process.
2026-02-23T02:26:18: 密码错误: admin
2026-02-24T02:58:11: Token验证失败: TokenExpiredError: jwt expired
2026-02-24T02:58:11:     at /root/fuxin/node_modules/jsonwebtoken/verify.js:190:21
2026-02-24T02:58:11:     at getSecret (/root/fuxin/node_modules/jsonwebtoken/verify.js:97:14)
2026-02-24T02:58:11:     at module.exports [as verify] (/root/fuxin/node_modules/jsonwebtoken/verify.js:101:10)
2026-02-24T02:58:11:     at authenticateToken (/root/fuxin/dist/middleware/auth.js:22:48)
2026-02-24T02:58:11:     at Layer.handleRequest (/root/fuxin/node_modules/router/lib/layer.js:152:17)
2026-02-24T02:58:11:     at trimPrefix (/root/fuxin/node_modules/router/index.js:342:13)
2026-02-24T02:58:11:     at /root/fuxin/node_modules/router/index.js:297:9
2026-02-24T02:58:11:     at processParams (/root/fuxin/node_modules/router/index.js:582:12)
2026-02-24T02:58:11:     at next (/root/fuxin/node_modules/router/index.js:291:5)
2026-02-24T02:58:11:     at session (/root/fuxin/node_modules/express-session/index.js:494:7) {
2026-02-24T02:58:11:   expiredAt: 2026-02-24T02:12:54.000Z
2026-02-24T02:58:11: }
2026-02-24T06:56:18: Token验证失败: TokenExpiredError: jwt expired
2026-02-24T06:56:18:     at /root/fuxin/node_modules/jsonwebtoken/verify.js:190:21
2026-02-24T06:56:18:     at getSecret (/root/fuxin/node_modules/jsonwebtoken/verify.js:97:14)
2026-02-24T06:56:18:     at module.exports [as verify] (/root/fuxin/node_modules/jsonwebtoken/verify.js:101:10)
2026-02-24T06:56:18:     at authenticateToken (/root/fuxin/dist/middleware/auth.js:22:48)
2026-02-24T06:56:18:     at Layer.handleRequest (/root/fuxin/node_modules/router/lib/layer.js:152:17)
2026-02-24T06:56:18:     at trimPrefix (/root/fuxin/node_modules/router/index.js:342:13)
2026-02-24T06:56:18:     at /root/fuxin/node_modules/router/index.js:297:9
2026-02-24T06:56:18:     at processParams (/root/fuxin/node_modules/router/index.js:582:12)
2026-02-24T06:56:18:     at next (/root/fuxin/node_modules/router/index.js:291:5)
2026-02-24T06:56:18:     at session (/root/fuxin/node_modules/express-session/index.js:494:7) {
2026-02-24T06:56:18:   expiredAt: 2026-02-24T02:26:24.000Z
2026-02-24T06:56:18: }
2026-02-24T07:47:19: Warning: connect.session() MemoryStore is not
2026-02-24T07:47:19: designed for a production environment, as it will leak
2026-02-24T07:47:19: memory, and will not scale past a single process.
2026-02-24T07:48:50: 密码错误: admin
2026-02-25T01:22:00: Warning: connect.session() MemoryStore is not
2026-02-25T01:22:00: designed for a production environment, as it will leak
2026-02-25T01:22:00: memory, and will not scale past a single process.
2026-02-25T03:49:19: 密码错误: admin
2026-02-25T10:34:19: Warning: connect.session() MemoryStore is not
2026-02-25T10:34:19: designed for a production environment, as it will leak
2026-02-25T10:34:19: memory, and will not scale past a single process.
2026-02-25T13:12:31: Warning: connect.session() MemoryStore is not
2026-02-25T13:12:31: designed for a production environment, as it will leak
2026-02-25T13:12:31: memory, and will not scale past a single process.
2026-02-26T10:23:09: Token验证失败: TokenExpiredError: jwt expired
2026-02-26T10:23:09:     at /root/fuxin/node_modules/jsonwebtoken/verify.js:190:21
2026-02-26T10:23:09:     at getSecret (/root/fuxin/node_modules/jsonwebtoken/verify.js:97:14)
2026-02-26T10:23:09:     at module.exports [as verify] (/root/fuxin/node_modules/jsonwebtoken/verify.js:101:10)
2026-02-26T10:23:09:     at authenticateToken (/root/fuxin/dist/middleware/auth.js:22:48)
2026-02-26T10:23:09:     at Layer.handleRequest (/root/fuxin/node_modules/router/lib/layer.js:152:17)
2026-02-26T10:23:09:     at trimPrefix (/root/fuxin/node_modules/router/index.js:342:13)
2026-02-26T10:23:09:     at /root/fuxin/node_modules/router/index.js:297:9
2026-02-26T10:23:09:     at processParams (/root/fuxin/node_modules/router/index.js:582:12)
2026-02-26T10:23:09:     at next (/root/fuxin/node_modules/router/index.js:291:5)
2026-02-26T10:23:09:     at session (/root/fuxin/node_modules/express-session/index.js:494:7) {
2026-02-26T10:23:09:   expiredAt: 2026-02-26T08:31:21.000Z
2026-02-26T10:23:09: }
2026-02-26T10:23:11: 密码错误: admin
